<?xml version="1.0" encoding="UTF-8"?>
<testng-results ignored="0" total="4" passed="4" failed="0" skipped="0">
  <reporter-output>
  </reporter-output>
  <suite started-at="2023-02-10T15:13:33 IST" name="SuiteFacebook" finished-at="2023-02-10T15:13:58 IST" duration-ms="25221">
    <groups>
    </groups>
    <test started-at="2023-02-10T15:13:33 IST" name="ChromeTest" finished-at="2023-02-10T15:13:55 IST" duration-ms="21701">
      <class name="FBookTestNG.TestNG">
        <test-method is-config="true" signature="openBrowser(java.lang.String)[pri:0, instance:FBookTestNG.TestNG@353d0772]" started-at="2023-02-10T15:13:33 IST" name="openBrowser" finished-at="2023-02-10T15:13:36 IST" duration-ms="2762" status="PASS">
          <params>
            <param index="0">
              <value>
                <![CDATA[Chrome]]>
              </value>
            </param>
          </params>
          <reporter-output>
          </reporter-output>
        </test-method> <!-- openBrowser -->
        <test-method is-config="true" signature="openURL()[pri:0, instance:FBookTestNG.TestNG@353d0772]" started-at="2023-02-10T15:13:36 IST" name="openURL" finished-at="2023-02-10T15:13:37 IST" duration-ms="1119" status="PASS">
          <reporter-output>
          </reporter-output>
        </test-method> <!-- openURL -->
        <test-method signature="ClickTerms()[pri:0, instance:FBookTestNG.TestNG@353d0772]" started-at="2023-02-10T15:13:37 IST" name="ClickTerms" finished-at="2023-02-10T15:13:39 IST" duration-ms="2531" status="PASS">
          <reporter-output>
          </reporter-output>
        </test-method> <!-- ClickTerms -->
        <test-method is-config="true" signature="Closet()[pri:0, instance:FBookTestNG.TestNG@353d0772]" started-at="2023-02-10T15:13:39 IST" name="Closet" finished-at="2023-02-10T15:13:39 IST" duration-ms="1" status="PASS">
          <reporter-output>
          </reporter-output>
        </test-method> <!-- Closet -->
        <test-method is-config="true" signature="openURL()[pri:0, instance:FBookTestNG.TestNG@353d0772]" started-at="2023-02-10T15:13:39 IST" name="openURL" finished-at="2023-02-10T15:13:43 IST" duration-ms="3330" status="PASS">
          <reporter-output>
          </reporter-output>
        </test-method> <!-- openURL -->
        <test-method signature="singUp()[pri:0, instance:FBookTestNG.TestNG@353d0772]" started-at="2023-02-10T15:13:43 IST" name="singUp" finished-at="2023-02-10T15:13:54 IST" duration-ms="11262" status="PASS">
          <reporter-output>
          </reporter-output>
        </test-method> <!-- singUp -->
        <test-method is-config="true" signature="Closet()[pri:0, instance:FBookTestNG.TestNG@353d0772]" started-at="2023-02-10T15:13:54 IST" name="Closet" finished-at="2023-02-10T15:13:54 IST" duration-ms="0" status="PASS">
          <reporter-output>
          </reporter-output>
        </test-method> <!-- Closet -->
        <test-method is-config="true" signature="Quit()[pri:0, instance:FBookTestNG.TestNG@353d0772]" started-at="2023-02-10T15:13:54 IST" name="Quit" finished-at="2023-02-10T15:13:55 IST" duration-ms="619" status="PASS">
          <reporter-output>
          </reporter-output>
        </test-method> <!-- Quit -->
      </class> <!-- FBookTestNG.TestNG -->
    </test> <!-- ChromeTest -->
    <test started-at="2023-02-10T15:13:33 IST" name="FirefoxTest" finished-at="2023-02-10T15:13:58 IST" duration-ms="25221">
      <class name="FBookTestNG.TestNG">
        <test-method is-config="true" signature="openBrowser(java.lang.String)[pri:0, instance:FBookTestNG.TestNG@6eda5c9]" started-at="2023-02-10T15:13:33 IST" name="openBrowser" finished-at="2023-02-10T15:13:39 IST" duration-ms="6237" status="PASS">
          <params>
            <param index="0">
              <value>
                <![CDATA[Firefox]]>
              </value>
            </param>
          </params>
          <reporter-output>
          </reporter-output>
        </test-method> <!-- openBrowser -->
        <test-method is-config="true" signature="openURL()[pri:0, instance:FBookTestNG.TestNG@6eda5c9]" started-at="2023-02-10T15:13:39 IST" name="openURL" finished-at="2023-02-10T15:13:41 IST" duration-ms="1651" status="PASS">
          <reporter-output>
          </reporter-output>
        </test-method> <!-- openURL -->
        <test-method signature="ClickTerms()[pri:0, instance:FBookTestNG.TestNG@6eda5c9]" started-at="2023-02-10T15:13:41 IST" name="ClickTerms" finished-at="2023-02-10T15:13:43 IST" duration-ms="2494" status="PASS">
          <reporter-output>
          </reporter-output>
        </test-method> <!-- ClickTerms -->
        <test-method is-config="true" signature="Closet()[pri:0, instance:FBookTestNG.TestNG@6eda5c9]" started-at="2023-02-10T15:13:43 IST" name="Closet" finished-at="2023-02-10T15:13:43 IST" duration-ms="1" status="PASS">
          <reporter-output>
          </reporter-output>
        </test-method> <!-- Closet -->
        <test-method is-config="true" signature="openURL()[pri:0, instance:FBookTestNG.TestNG@6eda5c9]" started-at="2023-02-10T15:13:43 IST" name="openURL" finished-at="2023-02-10T15:13:46 IST" duration-ms="2312" status="PASS">
          <reporter-output>
          </reporter-output>
        </test-method> <!-- openURL -->
        <test-method signature="singUp()[pri:0, instance:FBookTestNG.TestNG@6eda5c9]" started-at="2023-02-10T15:13:46 IST" name="singUp" finished-at="2023-02-10T15:13:57 IST" duration-ms="11198" status="PASS">
          <reporter-output>
          </reporter-output>
        </test-method> <!-- singUp -->
        <test-method is-config="true" signature="Quit()[pri:0, instance:FBookTestNG.TestNG@6eda5c9]" started-at="2023-02-10T15:13:57 IST" name="Quit" finished-at="2023-02-10T15:13:58 IST" duration-ms="1313" status="PASS">
          <reporter-output>
          </reporter-output>
        </test-method> <!-- Quit -->
        <test-method is-config="true" signature="Closet()[pri:0, instance:FBookTestNG.TestNG@6eda5c9]" started-at="2023-02-10T15:13:57 IST" name="Closet" finished-at="2023-02-10T15:13:57 IST" duration-ms="0" status="PASS">
          <reporter-output>
          </reporter-output>
        </test-method> <!-- Closet -->
      </class> <!-- FBookTestNG.TestNG -->
    </test> <!-- FirefoxTest -->
  </suite> <!-- SuiteFacebook -->
</testng-results>
